<?xml version="1.0" encoding="UTF-8"?>
<!-- Generated by org.testng.reporters.JUnitReportReporter -->
<testsuite hostname="DESKTOP-RGL2CCS" failures="0" tests="21" name="com.ecom.tests.UI_HomePageTest" time="107.808" errors="0" timestamp="2025-09-15T14:38:38 IST" skipped="0">
  <testcase classname="com.ecom.tests.UI_HomePageTest" name="verifyAutomationEngineerLogoIsVisible" time="6.231"/>
  <testcase classname="com.ecom.tests.UI_HomePageTest" name="verifyProductsButtonIsVisibleAndNavigates" time="6.558"/>
  <testcase classname="com.ecom.tests.UI_HomePageTest" name="verifyCartButtonIsVisibleAndNavigates" time="7.536"/>
  <testcase classname="com.ecom.tests.UI_HomePageTest" name="verifySignupLoginButtonIsVisibleAndNavigates" time="3.889"/>
  <testcase classname="com.ecom.tests.UI_HomePageTest" name="verifyContactUsButtonIsVisibleAndNavigates" time="5.272"/>
  <testcase classname="com.ecom.tests.UI_HomePageTest" name="verifyTestCasesButtonIsVisibleAndNavigates" time="4.878"/>
  <testcase classname="com.ecom.tests.UI_HomePageTest" name="verifyApiTestingButtonIsVisibleAndNavigates" time="6.642"/>
  <testcase classname="com.ecom.tests.UI_HomePageTest" name="verifyVideoTutorialsButtonIsVisibleAndNavigatesAndReturns" time="14.850"/>
  <testcase classname="com.ecom.tests.UI_HomePageTest" name="verifyScrollBarFunctionalityOnHomePage" time="2.293"/>
  <testcase classname="com.ecom.tests.UI_HomePageTest" name="verifyScrollToTopArrowFunctionality" time="7.275"/>
  <testcase classname="com.ecom.tests.UI_HomePageTest" name="verifySubscriptionIconIsVisibleOnHomePage" time="5.163"/>
  <testcase classname="com.ecom.tests.UI_HomePageTest" name="verifySubscriptionScenarios" time="4.902"/>
  <testcase classname="com.ecom.tests.UI_HomePageTest" name="verifySubscriptionScenarios" time="6.563"/>
  <testcase classname="com.ecom.tests.UI_HomePageTest" name="verifySubscriptionScenarios" time="5.464"/>
  <testcase classname="com.ecom.tests.UI_HomePageTest" name="verifySubscriptionScenarios" time="4.214"/>
  <testcase classname="com.ecom.tests.UI_HomePageTest" name="verifyViewProductButtonIsVisible" time="2.555"/>
  <testcase classname="com.ecom.tests.UI_HomePageTest" name="verifyBrandsSectionIsVisible" time="3.268"/>
  <testcase classname="com.ecom.tests.UI_HomePageTest" name="verifyCategorySectionIsVisible" time="2.384"/>
  <testcase classname="com.ecom.tests.UI_HomePageTest" name="verifyFeaturedItemsSectionIsVisible" time="3.006"/>
  <testcase classname="com.ecom.tests.UI_HomePageTest" name="verifyRecommendedItemsSectionIsVisible" time="2.615"/>
  <testcase classname="com.ecom.tests.UI_HomePageTest" name="verifyCarouselIndicatorDotIsVisibleAndWorking" time="2.250"/>
</testsuite> <!-- com.ecom.tests.UI_HomePageTest -->
