<?xml version="1.0" encoding="UTF-8"?>
<!-- Generated by org.testng.reporters.JUnitReportReporter -->
<testsuite hostname="DESKTOP-RGL2CCS" failures="0" tests="16" name="com.ecom.tests.TestCasesPageTest_Functional" time="21.000" errors="0" timestamp="2025-09-15T13:14:16 IST" skipped="0">
  <testcase classname="com.ecom.tests.TestCasesPageTest_Functional" name="verifyBrowserLaunch" time="1.898"/>
  <testcase classname="com.ecom.tests.TestCasesPageTest_Functional" name="verifyURLLoad" time="1.744"/>
  <testcase classname="com.ecom.tests.TestCasesPageTest_Functional" name="verifyHomePageVisibility" time="0.232"/>
  <testcase classname="com.ecom.tests.TestCasesPageTest_Functional" name="verifyTestCasesButtonAvailability" time="0.255"/>
  <testcase classname="com.ecom.tests.TestCasesPageTest_Functional" name="verifyNavigationToTestCasesPage" time="1.125"/>
  <testcase classname="com.ecom.tests.TestCasesPageTest_Functional" name="verifyTestCasesPageTitle" time="0.160"/>
  <testcase classname="com.ecom.tests.TestCasesPageTest_Functional" name="verifyTestCasesPageContent" time="0.153"/>
  <testcase classname="com.ecom.tests.TestCasesPageTest_Functional" name="verifyDetailedStepsVisibility" time="0.544"/>
  <testcase classname="com.ecom.tests.TestCasesPageTest_Functional" name="verifyFeedbackSectionPresence" time="0.217"/>
  <testcase classname="com.ecom.tests.TestCasesPageTest_Functional" name="verifyHyperlinksPresence" time="0.205"/>
  <testcase classname="com.ecom.tests.TestCasesPageTest_Functional" name="verifyFeedbackEmailPresence" time="0.201"/>
  <testcase classname="com.ecom.tests.TestCasesPageTest_Functional" name="verifyScrollBarFunctionality" time="0.174"/>
  <testcase classname="com.ecom.tests.TestCasesPageTest_Functional" name="verifyScrollToTopArrowFunctionality" time="0.360"/>
  <testcase classname="com.ecom.tests.TestCasesPageTest_Functional" name="verifySubscriptionWithEmptyEmail" time="10.682"/>
  <testcase classname="com.ecom.tests.TestCasesPageTest_Functional" name="verifySubscriptionInvalid" time="2.566"/>
  <testcase classname="com.ecom.tests.TestCasesPageTest_Functional" name="verifySubscriptionWithValidEmail" time="0.484"/>
</testsuite> <!-- com.ecom.tests.TestCasesPageTest_Functional -->
