<?xml version="1.0" encoding="UTF-8"?>
<!-- Generated by org.testng.reporters.JUnitReportReporter -->
<testsuite hostname="DESKTOP-RGL2CCS" failures="0" tests="9" name="com.ecom.tests.login_functionality_tests" time="37.822" errors="0" timestamp="2025-09-15T12:07:25 IST" skipped="0">
  <testcase classname="com.ecom.tests.login_functionality_tests" name="Tc_Ecom_Login_01_verifyUrlLaunch" time="2.144"/>
  <testcase classname="com.ecom.tests.login_functionality_tests" name="Tc_Ecom_Login_02_verifyHomePageDisplayed" time="0.075"/>
  <testcase classname="com.ecom.tests.login_functionality_tests" name="Tc_Ecom_Login_03_navigateToLoginSignupPage" time="0.905"/>
  <testcase classname="com.ecom.tests.login_functionality_tests" name="Tc_Ecom_Login_04_verifyLoginToYourAccountText" time="1.059"/>
  <testcase classname="com.ecom.tests.login_functionality_tests" name="Tc_Ecom_Login_05_validCredentialsEntry" time="2.899"/>
  <testcase classname="com.ecom.tests.login_functionality_tests" name="Tc_Ecom_Login_06_invalidLogin" time="11.589"/>
  <testcase classname="com.ecom.tests.login_functionality_tests" name="Tc_Ecom_Login_07_validEmailInvalidPassword" time="2.736"/>
  <testcase classname="com.ecom.tests.login_functionality_tests" name="Tc_Ecom_Login_08_invalidEmailValidPassword" time="2.258"/>
  <testcase classname="com.ecom.tests.login_functionality_tests" name="Tc_Ecom_Login_9_blankEmailAndPassword" time="14.157"/>
</testsuite> <!-- com.ecom.tests.login_functionality_tests -->
