<?xml version="1.0" encoding="UTF-8"?>
<!-- Generated by org.testng.reporters.JUnitReportReporter -->
<testsuite hostname="DESKTOP-RGL2CCS" failures="0" tests="16" name="com.ecom.tests.TestCasesPageTest_Functional" time="21.780" errors="0" timestamp="2025-09-15T14:01:58 IST" skipped="0">
  <testcase classname="com.ecom.tests.TestCasesPageTest_Functional" name="verifyBrowserLaunch" time="0.236"/>
  <testcase classname="com.ecom.tests.TestCasesPageTest_Functional" name="verifyURLLoad" time="3.725"/>
  <testcase classname="com.ecom.tests.TestCasesPageTest_Functional" name="verifyHomePageVisibility" time="0.301"/>
  <testcase classname="com.ecom.tests.TestCasesPageTest_Functional" name="verifyTestCasesButtonAvailability" time="0.301"/>
  <testcase classname="com.ecom.tests.TestCasesPageTest_Functional" name="verifyNavigationToTestCasesPage" time="1.326"/>
  <testcase classname="com.ecom.tests.TestCasesPageTest_Functional" name="verifyTestCasesPageTitle" time="0.182"/>
  <testcase classname="com.ecom.tests.TestCasesPageTest_Functional" name="verifyTestCasesPageContent" time="0.171"/>
  <testcase classname="com.ecom.tests.TestCasesPageTest_Functional" name="verifyDetailedStepsVisibility" time="0.519"/>
  <testcase classname="com.ecom.tests.TestCasesPageTest_Functional" name="verifyFeedbackSectionPresence" time="0.221"/>
  <testcase classname="com.ecom.tests.TestCasesPageTest_Functional" name="verifyHyperlinksPresence" time="0.170"/>
  <testcase classname="com.ecom.tests.TestCasesPageTest_Functional" name="verifyFeedbackEmailPresence" time="0.196"/>
  <testcase classname="com.ecom.tests.TestCasesPageTest_Functional" name="verifyScrollBarFunctionality" time="0.159"/>
  <testcase classname="com.ecom.tests.TestCasesPageTest_Functional" name="verifyScrollToTopArrowFunctionality" time="0.303"/>
  <testcase classname="com.ecom.tests.TestCasesPageTest_Functional" name="verifySubscriptionWithEmptyEmail" time="10.898"/>
  <testcase classname="com.ecom.tests.TestCasesPageTest_Functional" name="verifySubscriptionInvalid" time="2.581"/>
  <testcase classname="com.ecom.tests.TestCasesPageTest_Functional" name="verifySubscriptionWithValidEmail" time="0.491"/>
</testsuite> <!-- com.ecom.tests.TestCasesPageTest_Functional -->
