<?xml version="1.0" encoding="UTF-8"?>
<!-- Generated by org.testng.reporters.JUnitReportReporter -->
<testsuite hostname="DESKTOP-RGL2CCS" failures="0" tests="20" name="com.ecom.tests.UI_LoginPageTest" time="334.380" errors="0" timestamp="2025-09-15T14:01:58 IST" skipped="0">
  <testcase classname="com.ecom.tests.UI_LoginPageTest" name="verifyLogoImagePresence" time="2.795"/>
  <testcase classname="com.ecom.tests.UI_LoginPageTest" name="verifySignupButtonPresence" time="1.025"/>
  <testcase classname="com.ecom.tests.UI_LoginPageTest" name="verifySignupWithValidData" time="12.176"/>
  <testcase classname="com.ecom.tests.UI_LoginPageTest" name="verifySignupWithInvalidEmail" time="2.956"/>
  <testcase classname="com.ecom.tests.UI_LoginPageTest" name="verifySignupEdgeCases" time="12.037"/>
  <testcase classname="com.ecom.tests.UI_LoginPageTest" name="verifySignupEdgeCases" time="11.646"/>
  <testcase classname="com.ecom.tests.UI_LoginPageTest" name="verifySignupEdgeCases" time="12.161"/>
  <testcase classname="com.ecom.tests.UI_LoginPageTest" name="verifyLoginButtonIsVisibleOnSignupLoginPage" time="21.351"/>
  <testcase classname="com.ecom.tests.UI_LoginPageTest" name="verifyLoginEdgeCases" time="22.711"/>
  <testcase classname="com.ecom.tests.UI_LoginPageTest" name="verifyLoginEdgeCases" time="32.290"/>
  <testcase classname="com.ecom.tests.UI_LoginPageTest" name="verifyLoginEdgeCases" time="23.102"/>
  <testcase classname="com.ecom.tests.UI_LoginPageTest" name="verifyLoginEdgeCases" time="46.895"/>
  <testcase classname="com.ecom.tests.UI_LoginPageTest" name="verifyLoginEdgeCases" time="32.101"/>
  <testcase classname="com.ecom.tests.UI_LoginPageTest" name="verifyLoginEdgeCases" time="23.270"/>
  <testcase classname="com.ecom.tests.UI_LoginPageTest" name="verifyValidLogin" time="17.459"/>
  <testcase classname="com.ecom.tests.UI_LoginPageTest" name="verifyScrollBarFunctionalityOnSignupLoginPage" time="11.731"/>
  <testcase classname="com.ecom.tests.UI_LoginPageTest" name="verifyScrollToTopArrowFunctionalityOnSignupLoginPage" time="13.571"/>
  <testcase classname="com.ecom.tests.UI_LoginPageTest" name="verifySubscriptionIconIsVisibleOnSignupLoginPage" time="11.558"/>
  <testcase classname="com.ecom.tests.UI_LoginPageTest" name="verifySignupLoginPageLabels" time="11.704"/>
  <testcase classname="com.ecom.tests.UI_LoginPageTest" name="verifyNavigationIconsOnSignupLoginPage" time="11.841"/>
</testsuite> <!-- com.ecom.tests.UI_LoginPageTest -->
