<?xml version="1.0" encoding="UTF-8"?>
<!-- Generated by org.testng.reporters.JUnitReportReporter -->
<testsuite hostname="DESKTOP-RGL2CCS" failures="0" tests="21" name="com.ecom.tests.UI_HomePageTest" time="70.324" errors="0" timestamp="2025-09-15T14:01:58 IST" skipped="0">
  <testcase classname="com.ecom.tests.UI_HomePageTest" name="verifyAutomationEngineerLogoIsVisible" time="2.104"/>
  <testcase classname="com.ecom.tests.UI_HomePageTest" name="verifyProductsButtonIsVisibleAndNavigates" time="4.005"/>
  <testcase classname="com.ecom.tests.UI_HomePageTest" name="verifyCartButtonIsVisibleAndNavigates" time="2.871"/>
  <testcase classname="com.ecom.tests.UI_HomePageTest" name="verifySignupLoginButtonIsVisibleAndNavigates" time="3.150"/>
  <testcase classname="com.ecom.tests.UI_HomePageTest" name="verifyContactUsButtonIsVisibleAndNavigates" time="3.858"/>
  <testcase classname="com.ecom.tests.UI_HomePageTest" name="verifyTestCasesButtonIsVisibleAndNavigates" time="3.810"/>
  <testcase classname="com.ecom.tests.UI_HomePageTest" name="verifyApiTestingButtonIsVisibleAndNavigates" time="3.135"/>
  <testcase classname="com.ecom.tests.UI_HomePageTest" name="verifyVideoTutorialsButtonIsVisibleAndNavigatesAndReturns" time="11.504"/>
  <testcase classname="com.ecom.tests.UI_HomePageTest" name="verifyScrollBarFunctionalityOnHomePage" time="2.933"/>
  <testcase classname="com.ecom.tests.UI_HomePageTest" name="verifyScrollToTopArrowFunctionality" time="5.980"/>
  <testcase classname="com.ecom.tests.UI_HomePageTest" name="verifySubscriptionIconIsVisibleOnHomePage" time="4.159"/>
  <testcase classname="com.ecom.tests.UI_HomePageTest" name="verifySubscriptionScenarios" time="2.459"/>
  <testcase classname="com.ecom.tests.UI_HomePageTest" name="verifySubscriptionScenarios" time="2.669"/>
  <testcase classname="com.ecom.tests.UI_HomePageTest" name="verifySubscriptionScenarios" time="2.738"/>
  <testcase classname="com.ecom.tests.UI_HomePageTest" name="verifySubscriptionScenarios" time="3.095"/>
  <testcase classname="com.ecom.tests.UI_HomePageTest" name="verifyViewProductButtonIsVisible" time="1.868"/>
  <testcase classname="com.ecom.tests.UI_HomePageTest" name="verifyBrandsSectionIsVisible" time="2.219"/>
  <testcase classname="com.ecom.tests.UI_HomePageTest" name="verifyCategorySectionIsVisible" time="1.916"/>
  <testcase classname="com.ecom.tests.UI_HomePageTest" name="verifyFeaturedItemsSectionIsVisible" time="1.860"/>
  <testcase classname="com.ecom.tests.UI_HomePageTest" name="verifyRecommendedItemsSectionIsVisible" time="1.984"/>
  <testcase classname="com.ecom.tests.UI_HomePageTest" name="verifyCarouselIndicatorDotIsVisibleAndWorking" time="2.007"/>
</testsuite> <!-- com.ecom.tests.UI_HomePageTest -->
