<?xml version="1.0" encoding="UTF-8"?>
<!-- Generated by org.testng.reporters.JUnitReportReporter -->
<testsuite hostname="DESKTOP-RGL2CCS" failures="0" tests="9" name="com.ecom.tests.login_functionality_tests" time="36.741" errors="0" timestamp="2025-09-15T14:01:58 IST" skipped="0">
  <testcase classname="com.ecom.tests.login_functionality_tests" name="Tc_Ecom_Login_01_verifyUrlLaunch" time="1.771"/>
  <testcase classname="com.ecom.tests.login_functionality_tests" name="Tc_Ecom_Login_02_verifyHomePageDisplayed" time="0.044"/>
  <testcase classname="com.ecom.tests.login_functionality_tests" name="Tc_Ecom_Login_03_navigateToLoginSignupPage" time="1.524"/>
  <testcase classname="com.ecom.tests.login_functionality_tests" name="Tc_Ecom_Login_04_verifyLoginToYourAccountText" time="1.066"/>
  <testcase classname="com.ecom.tests.login_functionality_tests" name="Tc_Ecom_Login_05_validCredentialsEntry" time="1.865"/>
  <testcase classname="com.ecom.tests.login_functionality_tests" name="Tc_Ecom_Login_06_invalidLogin" time="11.455"/>
  <testcase classname="com.ecom.tests.login_functionality_tests" name="Tc_Ecom_Login_07_validEmailInvalidPassword" time="2.791"/>
  <testcase classname="com.ecom.tests.login_functionality_tests" name="Tc_Ecom_Login_08_invalidEmailValidPassword" time="2.335"/>
  <testcase classname="com.ecom.tests.login_functionality_tests" name="Tc_Ecom_Login_9_blankEmailAndPassword" time="13.890"/>
</testsuite> <!-- com.ecom.tests.login_functionality_tests -->
