<?xml version="1.0" encoding="UTF-8"?>
<!-- Generated by org.testng.reporters.JUnitReportReporter -->
<testsuite hostname="DESKTOP-RGL2CCS" failures="0" tests="26" name="com.ecom.tests.UI_contactus_test" time="27.757" errors="0" timestamp="2025-09-15T14:01:58 IST" skipped="0">
  <testcase classname="com.ecom.tests.UI_contactus_test" name="TC_Contactus_001_verifyGetInTouchHeader" time="3.147"/>
  <testcase classname="com.ecom.tests.UI_contactus_test" name="TC_Contactus_002_verifyLogoDisplayed" time="0.792"/>
  <testcase classname="com.ecom.tests.UI_contactus_test" name="TC_Contactus_003_verifyGetInTouchEmailDisplayed" time="0.992"/>
  <testcase classname="com.ecom.tests.UI_contactus_test" name="TC_Contactus_004_verifyFormFieldsDisplayed" time="1.211"/>
  <testcase classname="com.ecom.tests.UI_contactus_test" name="TC_Contactus_005_verifyChooseFileAndSubmitDisplayed" time="0.723"/>
  <testcase classname="com.ecom.tests.UI_contactus_test" name="TC_Contactus_006_verifyHomeBtnDisplayed" time="1.006"/>
  <testcase classname="com.ecom.tests.UI_contactus_test" name="TC_Contactus_007_verifyTestCasesBtnDisplayed" time="0.991"/>
  <testcase classname="com.ecom.tests.UI_contactus_test" name="TC_Contactus_008_verifyApiTestingBtnDisplayed" time="1.315"/>
  <testcase classname="com.ecom.tests.UI_contactus_test" name="TC_Contact_009_verifyScrollBarWorking" time="0.758"/>
  <testcase classname="com.ecom.tests.UI_contactus_test" name="TC_Contact_010_verifyScrollToTopArrow" time="0.872"/>
  <testcase classname="com.ecom.tests.UI_contactus_test" name="TC_Contact_011_verifySubscriptionIconDisplayed" time="0.867"/>
  <testcase classname="com.ecom.tests.UI_contactus_test" name="TC_Contact_012_verifySubscriptionWithInvalidEmail" time="1.400"/>
  <testcase classname="com.ecom.tests.UI_contactus_test" name="TC_Contact_013_verifySubscriptionWithEmptyEmail" time="1.128"/>
  <testcase classname="com.ecom.tests.UI_contactus_test" name="TC_Contact_014_verifyGetInTouchHeader" time="0.756"/>
  <testcase classname="com.ecom.tests.UI_contactus_test" name="TC_Contact_015_verifyNameFieldDisplayed" time="0.896"/>
  <testcase classname="com.ecom.tests.UI_contactus_test" name="TC_Contact_016_verifyEmailFieldDisplayed" time="0.967"/>
  <testcase classname="com.ecom.tests.UI_contactus_test" name="TC_Contact_017_verifySubjectFieldDisplayed" time="0.881"/>
  <testcase classname="com.ecom.tests.UI_contactus_test" name="TC_Contact_018_verifyMessageFieldDisplayed" time="0.850"/>
  <testcase classname="com.ecom.tests.UI_contactus_test" name="TC_Contact_019_verifyNameFieldWithValidData" time="1.125"/>
  <testcase classname="com.ecom.tests.UI_contactus_test" name="TC_Contact_020_verifyEmailFieldWithValidData" time="1.074"/>
  <testcase classname="com.ecom.tests.UI_contactus_test" name="TC_Contact_021_verifyEmailFieldEmpty" time="1.163"/>
  <testcase classname="com.ecom.tests.UI_contactus_test" name="TC_Contact_022_verifySubjectFieldWithData" time="1.082"/>
  <testcase classname="com.ecom.tests.UI_contactus_test" name="TC_Contact_023_verifyMessageFieldWithData" time="1.156"/>
  <testcase classname="com.ecom.tests.UI_contactus_test" name="TC_Contact_024_verifyChooseFileButton" time="0.700"/>
  <testcase classname="com.ecom.tests.UI_contactus_test" name="TC_Contact_025_verifySubmitButton" time="0.889"/>
  <testcase classname="com.ecom.tests.UI_contactus_test" name="TC_Contact_026_verifyContactUsSectionVisible" time="1.016"/>
</testsuite> <!-- com.ecom.tests.UI_contactus_test -->
